Start building sites … 
hugo v0.145.0+extended+withdeploy darwin/arm64 BuildDate=2025-02-26T15:41:25Z VendorInfo=brew

WARN  Raw HTML omitted while rendering "/Users/neal/project/blog/content/post/nilayay.md"; see https://gohugo.io/getting-started/configuration-markup/#rendererunsafe
You can suppress this warning by adding the following to your site configuration:
ignoreLogs = ['warning-goldmark-raw-html']
WARN  Raw HTML omitted while rendering "/Users/neal/project/blog/content/post/Help-hack the box.md"; see https://gohugo.io/getting-started/configuration-markup/#rendererunsafe
You can suppress this warning by adding the following to your site configuration:
ignoreLogs = ['warning-goldmark-raw-html']
WARN  Raw HTML omitted while rendering "/Users/neal/project/blog/content/post/从后台看python--为什么说python是慢的.md"; see https://gohugo.io/getting-started/configuration-markup/#rendererunsafe
You can suppress this warning by adding the following to your site configuration:
ignoreLogs = ['warning-goldmark-raw-html']
WARN  Raw HTML omitted while rendering "/Users/neal/project/blog/content/post/botnet.md"; see https://gohugo.io/getting-started/configuration-markup/#rendererunsafe
You can suppress this warning by adding the following to your site configuration:
ignoreLogs = ['warning-goldmark-raw-html']
WARN  Raw HTML omitted while rendering "/Users/neal/project/blog/content/post/使用浏览器作为代理从公网攻击内网.md"; see https://gohugo.io/getting-started/configuration-markup/#rendererunsafe
You can suppress this warning by adding the following to your site configuration:
ignoreLogs = ['warning-goldmark-raw-html']
WARN  Raw HTML omitted while rendering "/Users/neal/project/blog/content/post/聊聊答题应用题库的建立.md"; see https://gohugo.io/getting-started/configuration-markup/#rendererunsafe
You can suppress this warning by adding the following to your site configuration:
ignoreLogs = ['warning-goldmark-raw-html']
WARN  found no layout file for "html" for kind "page": You should create a template file which matches Hugo Layouts Lookup Rules for this combination.
WARN  Raw HTML omitted while rendering "/Users/neal/project/blog/content/post/Iplimage versus Mat.md"; see https://gohugo.io/getting-started/configuration-markup/#rendererunsafe
You can suppress this warning by adding the following to your site configuration:
ignoreLogs = ['warning-goldmark-raw-html']
WARN  Raw HTML omitted while rendering "/Users/neal/project/blog/content/post/css样式表的引入方式.md"; see https://gohugo.io/getting-started/configuration-markup/#rendererunsafe
You can suppress this warning by adding the following to your site configuration:
ignoreLogs = ['warning-goldmark-raw-html']
WARN  Raw HTML omitted while rendering "/Users/neal/project/blog/content/post/前端面试题——系列一.md"; see https://gohugo.io/getting-started/configuration-markup/#rendererunsafe
You can suppress this warning by adding the following to your site configuration:
ignoreLogs = ['warning-goldmark-raw-html']
WARN  Raw HTML omitted while rendering "/Users/neal/project/blog/content/post/隐写术-深入研究PDF混淆漏洞.md"; see https://gohugo.io/getting-started/configuration-markup/#rendererunsafe
You can suppress this warning by adding the following to your site configuration:
ignoreLogs = ['warning-goldmark-raw-html']
WARN  Raw HTML omitted while rendering "/Users/neal/project/blog/content/post/在pythonanywhere部署你的第一个应用.md"; see https://gohugo.io/getting-started/configuration-markup/#rendererunsafe
You can suppress this warning by adding the following to your site configuration:
ignoreLogs = ['warning-goldmark-raw-html']
WARN  Raw HTML omitted while rendering "/Users/neal/project/blog/content/post/百度前端实习生面试（连跪之旅）.md"; see https://gohugo.io/getting-started/configuration-markup/#rendererunsafe
You can suppress this warning by adding the following to your site configuration:
ignoreLogs = ['warning-goldmark-raw-html']

                   | EN   
-------------------+------
  Pages            | 803  
  Paginator pages  |  47  
  Non-page files   |   0  
  Static files     |  31  
  Processed images |   0  
  Aliases          | 305  
  Cleaned          |   0  

Total in 128 ms
